<?xml version="1.0" encoding="UTF-8"?>
<testng-results ignored="0" total="2" passed="2" failed="0" skipped="0">
  <reporter-output>
  </reporter-output>
  <suite started-at="2024-03-16T16:11:53 IST" name="SmokSuite" finished-at="2024-03-16T16:12:33 IST" duration-ms="39561">
    <groups>
    </groups>
    <test started-at="2024-03-16T16:11:53 IST" name="Test" finished-at="2024-03-16T16:12:33 IST" duration-ms="39561">
      <class name="com.TestCases.LoginTest">
        <test-method is-config="true" signature="launchBrowser()[pri:0, instance:com.TestCases.LoginTest@1189dd52]" started-at="2024-03-16T16:11:53 IST" name="launchBrowser" finished-at="2024-03-16T16:12:05 IST" duration-ms="11839" status="PASS">
          <reporter-output>
          </reporter-output>
        </test-method> <!-- launchBrowser -->
        <test-method signature="verifyLoginPageWithInValidUsernameAndInValidPassword()[pri:0, instance:com.TestCases.LoginTest@1189dd52]" started-at="2024-03-16T16:12:05 IST" name="verifyLoginPageWithInValidUsernameAndInValidPassword" finished-at="2024-03-16T16:12:10 IST" duration-ms="4400" status="PASS">
          <reporter-output>
          </reporter-output>
        </test-method> <!-- verifyLoginPageWithInValidUsernameAndInValidPassword -->
        <test-method is-config="true" signature="closedriver()[pri:0, instance:com.TestCases.LoginTest@1189dd52]" started-at="2024-03-16T16:12:10 IST" name="closedriver" finished-at="2024-03-16T16:12:11 IST" duration-ms="1468" status="PASS">
          <reporter-output>
          </reporter-output>
        </test-method> <!-- closedriver -->
        <test-method is-config="true" signature="launchBrowser()[pri:0, instance:com.TestCases.LoginTest@1189dd52]" started-at="2024-03-16T16:12:11 IST" name="launchBrowser" finished-at="2024-03-16T16:12:26 IST" duration-ms="14621" status="PASS">
          <reporter-output>
          </reporter-output>
        </test-method> <!-- launchBrowser -->
        <test-method signature="verifyLoginPageWithValidUsernameAndValidPassword()[pri:0, instance:com.TestCases.LoginTest@1189dd52]" started-at="2024-03-16T16:12:26 IST" name="verifyLoginPageWithValidUsernameAndValidPassword" finished-at="2024-03-16T16:12:32 IST" duration-ms="5817" status="PASS">
          <reporter-output>
          </reporter-output>
        </test-method> <!-- verifyLoginPageWithValidUsernameAndValidPassword -->
        <test-method is-config="true" signature="closedriver()[pri:0, instance:com.TestCases.LoginTest@1189dd52]" started-at="2024-03-16T16:12:32 IST" name="closedriver" finished-at="2024-03-16T16:12:33 IST" duration-ms="1314" status="PASS">
          <reporter-output>
          </reporter-output>
        </test-method> <!-- closedriver -->
      </class> <!-- com.TestCases.LoginTest -->
    </test> <!-- Test -->
  </suite> <!-- SmokSuite -->
</testng-results>
