<?xml version="1.0" encoding="UTF-8"?>
<!-- Generated by org.testng.reporters.JUnitXMLReporter -->
<testsuite ignored="0" hostname="DESKTOP-UTMBFEU" failures="0" tests="2" name="Test" time="39.561" errors="0" timestamp="2024-03-16T16:12:33 IST">
  <testcase classname="com.TestCases.LoginTest" name="verifyLoginPageWithInValidUsernameAndInValidPassword" time="4.4"/>
  <testcase classname="com.TestCases.LoginTest" name="verifyLoginPageWithValidUsernameAndValidPassword" time="5.817"/>
</testsuite> <!-- Test -->
